<?xml version="1.0" encoding="UTF-8"?>
<!-- Generated by org.testng.reporters.JUnitXMLReporter -->
<testsuite hostname="CELSYS028" name="Search" tests="1" failures="1" timestamp="24 Jul 2017 11:46:20 GMT" time="21.177" errors="0">
  <testcase name="search" time="14.649" classname="Demo.Search1">
    <failure type="java.lang.AssertionError" message="expected:&amp;lt;Intel1&amp;gt; but was:&amp;lt;Intel&amp;gt;">
      <![CDATA[java.lang.AssertionError: expected:<Intel1> but was:<Intel>
	at Demo.Search1.search(Search1.java:79)
... Removed 26 stack frames]]>
    </failure>
  </testcase> <!-- search -->
</testsuite> <!-- Search -->
