<?xml version="1.0" encoding="UTF-8"?>
<testng-results skipped="0" failed="0" total="1" passed="1">
  <reporter-output>
  </reporter-output>
  <suite name="Default suite" duration-ms="25286" started-at="2017-08-21T07:27:13Z" finished-at="2017-08-21T07:27:39Z">
    <groups>
    </groups>
    <test name="Default test" duration-ms="25286" started-at="2017-08-21T07:27:13Z" finished-at="2017-08-21T07:27:39Z">
      <class name="Demo.ShareMenu_1">
        <test-method status="PASS" signature="setup_RibbRegist()[pri:0, instance:Demo.ShareMenu_1@6767c1fc]" name="setup_RibbRegist" is-config="true" duration-ms="12897" started-at="2017-08-21T12:57:13Z" finished-at="2017-08-21T12:57:26Z">
          <reporter-output>
          </reporter-output>
        </test-method> <!-- setup_RibbRegist -->
        <test-method status="PASS" signature="shareWindow()[pri:0, instance:Demo.ShareMenu_1@6767c1fc]" name="shareWindow" duration-ms="12379" started-at="2017-08-21T12:57:26Z" finished-at="2017-08-21T12:57:39Z">
          <reporter-output>
          </reporter-output>
        </test-method> <!-- shareWindow -->
      </class> <!-- Demo.ShareMenu_1 -->
    </test> <!-- Default test -->
  </suite> <!-- Default suite -->
</testng-results>
