<?xml version="1.0" encoding="UTF-8"?>
<testng-results skipped="0" failed="0" total="1" passed="1">
  <reporter-output>
  </reporter-output>
  <suite name="Default suite" duration-ms="10118" started-at="2017-07-24T13:11:55Z" finished-at="2017-07-24T13:12:05Z">
    <groups>
    </groups>
    <test name="Default test" duration-ms="10118" started-at="2017-07-24T13:11:55Z" finished-at="2017-07-24T13:12:05Z">
      <class name="Demo.MTL_BackDemo">
        <test-method status="PASS" signature="setup_MtlBack()[pri:0, instance:Demo.MTL_BackDemo@55f3ddb1]" name="setup_MtlBack" is-config="true" duration-ms="7196" started-at="2017-07-24T18:41:55Z" finished-at="2017-07-24T18:42:02Z">
          <reporter-output>
          </reporter-output>
        </test-method> <!-- setup_MtlBack -->
        <test-method status="PASS" signature="test_Home()[pri:0, instance:Demo.MTL_BackDemo@55f3ddb1]" name="test_Home" duration-ms="2922" started-at="2017-07-24T18:42:02Z" finished-at="2017-07-24T18:42:05Z">
          <reporter-output>
          </reporter-output>
        </test-method> <!-- test_Home -->
      </class> <!-- Demo.MTL_BackDemo -->
    </test> <!-- Default test -->
  </suite> <!-- Default suite -->
</testng-results>
