<?xml version="1.0" encoding="UTF-8"?>
<testng-results skipped="0" failed="0" total="1" passed="1">
  <reporter-output>
  </reporter-output>
  <suite name="Default suite" duration-ms="31358" started-at="2017-07-18T12:00:30Z" finished-at="2017-07-18T12:01:01Z">
    <groups>
    </groups>
    <test name="Default test" duration-ms="31358" started-at="2017-07-18T12:00:30Z" finished-at="2017-07-18T12:01:01Z">
      <class name="Devices.Ribbon_Registration">
        <test-method status="PASS" signature="setup()[pri:0, instance:Devices.Ribbon_Registration@7823a2f9]" name="setup" is-config="true" duration-ms="9963" started-at="2017-07-18T17:30:30Z" finished-at="2017-07-18T17:30:40Z">
          <reporter-output>
          </reporter-output>
        </test-method> <!-- setup -->
        <test-method status="PASS" signature="ribbon_Register()[pri:0, instance:Devices.Ribbon_Registration@7823a2f9]" name="ribbon_Register" duration-ms="20379" started-at="2017-07-18T17:30:40Z" finished-at="2017-07-18T17:31:00Z">
          <reporter-output>
          </reporter-output>
        </test-method> <!-- ribbon_Register -->
        <test-method status="PASS" signature="close()[pri:0, instance:Devices.Ribbon_Registration@7823a2f9]" name="close" is-config="true" duration-ms="998" started-at="2017-07-18T17:31:00Z" finished-at="2017-07-18T17:31:01Z">
          <reporter-output>
          </reporter-output>
        </test-method> <!-- close -->
      </class> <!-- Devices.Ribbon_Registration -->
    </test> <!-- Default test -->
  </suite> <!-- Default suite -->
</testng-results>
