<?xml version="1.0" encoding="UTF-8"?>
<!-- Generated by org.testng.reporters.JUnitXMLReporter -->
<testsuite hostname="CELSYS028" name="Test" tests="6" failures="0" timestamp="20 Jul 2017 07:16:45 GMT" time="11.993" errors="0">
  <testcase name="@BeforeTest setup" time="0.0" classname="Demo.MyRibbonDeletion_Demo">
    <failure type="org.openqa.selenium.SessionNotCreatedException" message="A new session could not be created. (Original error: The following desired capabilities are required, but were not provided: platformName, deviceName) (WARNING: The server did not provide any stacktrace information)
Command duration or timeout: 0 milliseconds
Build info: version: &amp;apos;unknown&amp;apos;, revision: &amp;apos;unknown&amp;apos;, time: &amp;apos;unknown&amp;apos;
System info: host: &amp;apos;CELSYS028&amp;apos;, ip: &amp;apos;192.168.5.115&amp;apos;, os.name: &amp;apos;Windows 7&amp;apos;, os.arch: &amp;apos;amd64&amp;apos;, os.version: &amp;apos;6.1&amp;apos;, java.version: &amp;apos;1.8.0_101&amp;apos;
Driver info: driver.version: AndroidDriver">
      <![CDATA[org.openqa.selenium.SessionNotCreatedException: A new session could not be created. (Original error: The following desired capabilities are required, but were not provided: platformName, deviceName) (WARNING: The server did not provide any stacktrace information)
Command duration or timeout: 0 milliseconds
Build info: version: 'unknown', revision: 'unknown', time: 'unknown'
System info: host: 'CELSYS028', ip: '192.168.5.115', os.name: 'Windows 7', os.arch: 'amd64', os.version: '6.1', java.version: '1.8.0_101'
Driver info: driver.version: AndroidDriver
	at org.openqa.selenium.remote.ErrorHandler.createThrowable(ErrorHandler.java:215)
	at org.openqa.selenium.remote.ErrorHandler.throwIfResponseFailed(ErrorHandler.java:167)
	at io.appium.java_client.remote.AppiumProtocolHandShake.createSession(AppiumProtocolHandShake.java:161)
	at io.appium.java_client.remote.AppiumProtocolHandShake.lambda$2(AppiumProtocolHandShake.java:88)
	at java.util.Optional.orElseGet(Unknown Source)
	at io.appium.java_client.remote.AppiumProtocolHandShake.lambda$0(AppiumProtocolHandShake.java:83)
	at java.util.Optional.orElseGet(Unknown Source)
	at io.appium.java_client.remote.AppiumProtocolHandShake.createSession(AppiumProtocolHandShake.java:78)
	at io.appium.java_client.remote.AppiumCommandExecutor.doExecute(AppiumCommandExecutor.java:111)
	at io.appium.java_client.remote.AppiumCommandExecutor.execute(AppiumCommandExecutor.java:162)
	at org.openqa.selenium.remote.RemoteWebDriver.execute(RemoteWebDriver.java:637)
	at io.appium.java_client.DefaultGenericMobileDriver.execute(DefaultGenericMobileDriver.java:42)
	at io.appium.java_client.AppiumDriver.execute(AppiumDriver.java:1)
	at io.appium.java_client.android.AndroidDriver.execute(AndroidDriver.java:1)
	at org.openqa.selenium.remote.RemoteWebDriver.startSession(RemoteWebDriver.java:250)
	at org.openqa.selenium.remote.RemoteWebDriver.startSession(RemoteWebDriver.java:236)
	at org.openqa.selenium.remote.RemoteWebDriver.<init>(RemoteWebDriver.java:137)
	at io.appium.java_client.DefaultGenericMobileDriver.<init>(DefaultGenericMobileDriver.java:38)
	at io.appium.java_client.AppiumDriver.<init>(AppiumDriver.java:88)
	at io.appium.java_client.AppiumDriver.<init>(AppiumDriver.java:112)
	at io.appium.java_client.android.AndroidDriver.<init>(AndroidDriver.java:73)
	at Demo.MyRibbonDeletion_Demo.setup(MyRibbonDeletion_Demo.java:50)
... Removed 26 stack frames]]>
    </failure>
  </testcase> <!-- @BeforeTest setup -->
  <testcase name="@BeforeTest setup" time="0.0" classname="Demo.MyRibbonDeletion_Demo">
    <skipped/>
  </testcase> <!-- @BeforeTest setup -->
  <testcase name="@BeforeTest Setup" time="0.0" classname="Demo.MyRibbonDeletion_Demo">
    <skipped/>
  </testcase> <!-- @BeforeTest Setup -->
  <testcase name="@BeforeClass setup" time="0.0" classname="Demo.MTL_BackDemo">
    <skipped/>
  </testcase> <!-- @BeforeClass setup -->
  <testcase name="@AfterClass close_Home" time="0.0" classname="Demo.MTL_BackDemo">
    <skipped/>
  </testcase> <!-- @AfterClass close_Home -->
  <testcase name="@BeforeClass setup" time="0.0" classname="Demo.Spoke_BackDemo">
    <skipped/>
  </testcase> <!-- @BeforeClass setup -->
  <testcase name="@AfterClass close" time="0.0" classname="Demo.Spoke_BackDemo">
    <skipped/>
  </testcase> <!-- @AfterClass close -->
  <testcase name="test_Home" time="0.0" classname="Demo.MTL_BackDemo">
    <skipped/>
  </testcase> <!-- test_Home -->
  <testcase name="test_Spoke" time="0.0" classname="Demo.Spoke_BackDemo">
    <skipped/>
  </testcase> <!-- test_Spoke -->
  <testcase name="ribbon_Register" time="0.0" classname="Demo.MyRibbonRegistration_Demo">
    <skipped/>
  </testcase> <!-- ribbon_Register -->
  <testcase name="ribbon_Register" time="0.0" classname="Demo.MyRibbonDeletion_Demo">
    <skipped/>
  </testcase> <!-- ribbon_Register -->
  <testcase name="ribbon_delete" time="0.0" classname="Demo.MyRibbonDeletion_Demo">
    <skipped/>
  </testcase> <!-- ribbon_delete -->
  <testcase name="search" time="0.0" classname="Demo.Search1">
    <skipped/>
  </testcase> <!-- search -->
</testsuite> <!-- Test -->
