<?xml version="1.0" encoding="UTF-8"?>
<!-- Generated by org.testng.reporters.JUnitXMLReporter -->
<testsuite hostname="CELSYS028" name="Test MTL" tests="6" failures="4" timestamp="21 Jul 2017 07:24:35 GMT" time="53.801" errors="0">
  <testcase name="test_Home" time="2.579" classname="Demo.MTL_BackDemo"/>
  <testcase name="ribbon_Register" time="0.02" classname="Demo.MyRibbonRegistration_Demo">
    <failure type="org.openqa.selenium.NoSuchSessionException" message="
Command duration or timeout: 20 milliseconds
Build info: version: &amp;apos;unknown&amp;apos;, revision: &amp;apos;unknown&amp;apos;, time: &amp;apos;unknown&amp;apos;
System info: host: &amp;apos;CELSYS028&amp;apos;, ip: &amp;apos;192.168.5.115&amp;apos;, os.name: &amp;apos;Windows 7&amp;apos;, os.arch: &amp;apos;amd64&amp;apos;, os.version: &amp;apos;6.1&amp;apos;, java.version: &amp;apos;1.8.0_101&amp;apos;
Driver info: io.appium.java_client.android.AndroidDriver
Capabilities [{appPackage=jp.co.necp.mytimeline, networkConnectionEnabled=true, warnings={}, databaseEnabled=false, deviceName=6b3f9b22, version=6.0.1, platform=LINUX, appActivity=jp.co.necp.mytimeline.MainActivity, desired={appPackage=jp.co.necp.mytimeline, appActivity=jp.co.necp.mytimeline.MainActivity, no-reset=true, newCommandTimeout=20, full-reset=false, platformName=Android, deviceName=nec-pc_ts508fam-6b3f9b22, version=6.0.1}, no-reset=true, newCommandTimeout=20, platformVersion=6.0.1, webStorageEnabled=false, locationContextEnabled=false, full-reset=false, browserName=Android, takesScreenshot=true, javascriptEnabled=true, platformName=Android}]
Session ID: 49223a91-5289-4594-92c3-961b865daeab
*** Element info: {Using=id, value=jp.co.necp.mytimeline:id/header_setting_button}">
      <![CDATA[org.openqa.selenium.NoSuchSessionException: 
Command duration or timeout: 20 milliseconds
Build info: version: 'unknown', revision: 'unknown', time: 'unknown'
System info: host: 'CELSYS028', ip: '192.168.5.115', os.name: 'Windows 7', os.arch: 'amd64', os.version: '6.1', java.version: '1.8.0_101'
Driver info: io.appium.java_client.android.AndroidDriver
Capabilities [{appPackage=jp.co.necp.mytimeline, networkConnectionEnabled=true, warnings={}, databaseEnabled=false, deviceName=6b3f9b22, version=6.0.1, platform=LINUX, appActivity=jp.co.necp.mytimeline.MainActivity, desired={appPackage=jp.co.necp.mytimeline, appActivity=jp.co.necp.mytimeline.MainActivity, no-reset=true, newCommandTimeout=20, full-reset=false, platformName=Android, deviceName=nec-pc_ts508fam-6b3f9b22, version=6.0.1}, no-reset=true, newCommandTimeout=20, platformVersion=6.0.1, webStorageEnabled=false, locationContextEnabled=false, full-reset=false, browserName=Android, takesScreenshot=true, javascriptEnabled=true, platformName=Android}]
Session ID: 49223a91-5289-4594-92c3-961b865daeab
*** Element info: {Using=id, value=jp.co.necp.mytimeline:id/header_setting_button}
	at org.openqa.selenium.remote.ErrorHandler.createThrowable(ErrorHandler.java:215)
	at org.openqa.selenium.remote.ErrorHandler.throwIfResponseFailed(ErrorHandler.java:167)
	at org.openqa.selenium.remote.RemoteWebDriver.execute(RemoteWebDriver.java:671)
	at io.appium.java_client.DefaultGenericMobileDriver.execute(DefaultGenericMobileDriver.java:42)
	at io.appium.java_client.AppiumDriver.execute(AppiumDriver.java:1)
	at io.appium.java_client.android.AndroidDriver.execute(AndroidDriver.java:1)
	at org.openqa.selenium.remote.RemoteWebDriver.findElement(RemoteWebDriver.java:410)
	at io.appium.java_client.DefaultGenericMobileDriver.findElement(DefaultGenericMobileDriver.java:62)
	at io.appium.java_client.AppiumDriver.findElement(AppiumDriver.java:1)
	at io.appium.java_client.android.AndroidDriver.findElement(AndroidDriver.java:1)
	at org.openqa.selenium.remote.RemoteWebDriver.findElementById(RemoteWebDriver.java:453)
	at io.appium.java_client.DefaultGenericMobileDriver.findElementById(DefaultGenericMobileDriver.java:70)
	at io.appium.java_client.AppiumDriver.findElementById(AppiumDriver.java:1)
	at io.appium.java_client.android.AndroidDriver.findElementById(AndroidDriver.java:1)
	at org.openqa.selenium.By$ById.findElement(By.java:218)
	at org.openqa.selenium.remote.RemoteWebDriver.findElement(RemoteWebDriver.java:402)
	at io.appium.java_client.DefaultGenericMobileDriver.findElement(DefaultGenericMobileDriver.java:58)
	at io.appium.java_client.AppiumDriver.findElement(AppiumDriver.java:1)
	at io.appium.java_client.android.AndroidDriver.findElement(AndroidDriver.java:1)
	at Demo.MyRibbonRegistration_Demo.ribbon_Register(MyRibbonRegistration_Demo.java:64)
... Removed 28 stack frames]]>
    </failure>
  </testcase> <!-- ribbon_Register -->
  <testcase name="ribbon_Register" time="0.01" classname="Demo.MyRibbonDeletion_Demo">
    <failure type="org.openqa.selenium.NoSuchSessionException" message="
Command duration or timeout: 10 milliseconds
Build info: version: &amp;apos;unknown&amp;apos;, revision: &amp;apos;unknown&amp;apos;, time: &amp;apos;unknown&amp;apos;
System info: host: &amp;apos;CELSYS028&amp;apos;, ip: &amp;apos;192.168.5.115&amp;apos;, os.name: &amp;apos;Windows 7&amp;apos;, os.arch: &amp;apos;amd64&amp;apos;, os.version: &amp;apos;6.1&amp;apos;, java.version: &amp;apos;1.8.0_101&amp;apos;
Driver info: io.appium.java_client.android.AndroidDriver
Capabilities [{appPackage=jp.co.necp.mytimeline, networkConnectionEnabled=true, warnings={}, databaseEnabled=false, deviceName=6b3f9b22, version=6.0.1, platform=LINUX, appActivity=jp.co.necp.mytimeline.MainActivity, desired={appPackage=jp.co.necp.mytimeline, appActivity=jp.co.necp.mytimeline.MainActivity, no-reset=true, newCommandTimeout=20, full-reset=false, platformName=Android, deviceName=nec-pc_ts508fam-6b3f9b22, version=6.0.1}, no-reset=true, newCommandTimeout=20, platformVersion=6.0.1, webStorageEnabled=false, locationContextEnabled=false, full-reset=false, browserName=Android, takesScreenshot=true, javascriptEnabled=true, platformName=Android}]
Session ID: c776c7ea-83a3-44d6-85ff-a752a13bbe91
*** Element info: {Using=id, value=jp.co.necp.mytimeline:id/header_setting_button}">
      <![CDATA[org.openqa.selenium.NoSuchSessionException: 
Command duration or timeout: 10 milliseconds
Build info: version: 'unknown', revision: 'unknown', time: 'unknown'
System info: host: 'CELSYS028', ip: '192.168.5.115', os.name: 'Windows 7', os.arch: 'amd64', os.version: '6.1', java.version: '1.8.0_101'
Driver info: io.appium.java_client.android.AndroidDriver
Capabilities [{appPackage=jp.co.necp.mytimeline, networkConnectionEnabled=true, warnings={}, databaseEnabled=false, deviceName=6b3f9b22, version=6.0.1, platform=LINUX, appActivity=jp.co.necp.mytimeline.MainActivity, desired={appPackage=jp.co.necp.mytimeline, appActivity=jp.co.necp.mytimeline.MainActivity, no-reset=true, newCommandTimeout=20, full-reset=false, platformName=Android, deviceName=nec-pc_ts508fam-6b3f9b22, version=6.0.1}, no-reset=true, newCommandTimeout=20, platformVersion=6.0.1, webStorageEnabled=false, locationContextEnabled=false, full-reset=false, browserName=Android, takesScreenshot=true, javascriptEnabled=true, platformName=Android}]
Session ID: c776c7ea-83a3-44d6-85ff-a752a13bbe91
*** Element info: {Using=id, value=jp.co.necp.mytimeline:id/header_setting_button}
	at org.openqa.selenium.remote.ErrorHandler.createThrowable(ErrorHandler.java:215)
	at org.openqa.selenium.remote.ErrorHandler.throwIfResponseFailed(ErrorHandler.java:167)
	at org.openqa.selenium.remote.RemoteWebDriver.execute(RemoteWebDriver.java:671)
	at io.appium.java_client.DefaultGenericMobileDriver.execute(DefaultGenericMobileDriver.java:42)
	at io.appium.java_client.AppiumDriver.execute(AppiumDriver.java:1)
	at io.appium.java_client.android.AndroidDriver.execute(AndroidDriver.java:1)
	at org.openqa.selenium.remote.RemoteWebDriver.findElement(RemoteWebDriver.java:410)
	at io.appium.java_client.DefaultGenericMobileDriver.findElement(DefaultGenericMobileDriver.java:62)
	at io.appium.java_client.AppiumDriver.findElement(AppiumDriver.java:1)
	at io.appium.java_client.android.AndroidDriver.findElement(AndroidDriver.java:1)
	at org.openqa.selenium.remote.RemoteWebDriver.findElementById(RemoteWebDriver.java:453)
	at io.appium.java_client.DefaultGenericMobileDriver.findElementById(DefaultGenericMobileDriver.java:70)
	at io.appium.java_client.AppiumDriver.findElementById(AppiumDriver.java:1)
	at io.appium.java_client.android.AndroidDriver.findElementById(AndroidDriver.java:1)
	at org.openqa.selenium.By$ById.findElement(By.java:218)
	at org.openqa.selenium.remote.RemoteWebDriver.findElement(RemoteWebDriver.java:402)
	at io.appium.java_client.DefaultGenericMobileDriver.findElement(DefaultGenericMobileDriver.java:58)
	at io.appium.java_client.AppiumDriver.findElement(AppiumDriver.java:1)
	at io.appium.java_client.android.AndroidDriver.findElement(AndroidDriver.java:1)
	at Demo.MyRibbonDeletion_Demo.ribbon_Register(MyRibbonDeletion_Demo.java:64)
... Removed 28 stack frames]]>
    </failure>
  </testcase> <!-- ribbon_Register -->
  <testcase name="ribbon_delete" time="0.01" classname="Demo.MyRibbonDeletion_Demo">
    <failure type="org.openqa.selenium.NoSuchSessionException" message="
Command duration or timeout: 10 milliseconds
Build info: version: &amp;apos;unknown&amp;apos;, revision: &amp;apos;unknown&amp;apos;, time: &amp;apos;unknown&amp;apos;
System info: host: &amp;apos;CELSYS028&amp;apos;, ip: &amp;apos;192.168.5.115&amp;apos;, os.name: &amp;apos;Windows 7&amp;apos;, os.arch: &amp;apos;amd64&amp;apos;, os.version: &amp;apos;6.1&amp;apos;, java.version: &amp;apos;1.8.0_101&amp;apos;
Driver info: io.appium.java_client.android.AndroidDriver
Capabilities [{appPackage=jp.co.necp.mytimeline, networkConnectionEnabled=true, warnings={}, databaseEnabled=false, deviceName=6b3f9b22, version=6.0.1, platform=LINUX, appActivity=jp.co.necp.mytimeline.MainActivity, desired={appPackage=jp.co.necp.mytimeline, appActivity=jp.co.necp.mytimeline.MainActivity, no-reset=true, newCommandTimeout=20, full-reset=false, platformName=Android, deviceName=nec-pc_ts508fam-6b3f9b22, version=6.0.1}, no-reset=true, newCommandTimeout=20, platformVersion=6.0.1, webStorageEnabled=false, locationContextEnabled=false, full-reset=false, browserName=Android, takesScreenshot=true, javascriptEnabled=true, platformName=Android}]
Session ID: c776c7ea-83a3-44d6-85ff-a752a13bbe91
*** Element info: {Using=id, value=jp.co.necp.mytimeline:id/myribbon_delete_mode_button}">
      <![CDATA[org.openqa.selenium.NoSuchSessionException: 
Command duration or timeout: 10 milliseconds
Build info: version: 'unknown', revision: 'unknown', time: 'unknown'
System info: host: 'CELSYS028', ip: '192.168.5.115', os.name: 'Windows 7', os.arch: 'amd64', os.version: '6.1', java.version: '1.8.0_101'
Driver info: io.appium.java_client.android.AndroidDriver
Capabilities [{appPackage=jp.co.necp.mytimeline, networkConnectionEnabled=true, warnings={}, databaseEnabled=false, deviceName=6b3f9b22, version=6.0.1, platform=LINUX, appActivity=jp.co.necp.mytimeline.MainActivity, desired={appPackage=jp.co.necp.mytimeline, appActivity=jp.co.necp.mytimeline.MainActivity, no-reset=true, newCommandTimeout=20, full-reset=false, platformName=Android, deviceName=nec-pc_ts508fam-6b3f9b22, version=6.0.1}, no-reset=true, newCommandTimeout=20, platformVersion=6.0.1, webStorageEnabled=false, locationContextEnabled=false, full-reset=false, browserName=Android, takesScreenshot=true, javascriptEnabled=true, platformName=Android}]
Session ID: c776c7ea-83a3-44d6-85ff-a752a13bbe91
*** Element info: {Using=id, value=jp.co.necp.mytimeline:id/myribbon_delete_mode_button}
	at org.openqa.selenium.remote.ErrorHandler.createThrowable(ErrorHandler.java:215)
	at org.openqa.selenium.remote.ErrorHandler.throwIfResponseFailed(ErrorHandler.java:167)
	at org.openqa.selenium.remote.RemoteWebDriver.execute(RemoteWebDriver.java:671)
	at io.appium.java_client.DefaultGenericMobileDriver.execute(DefaultGenericMobileDriver.java:42)
	at io.appium.java_client.AppiumDriver.execute(AppiumDriver.java:1)
	at io.appium.java_client.android.AndroidDriver.execute(AndroidDriver.java:1)
	at org.openqa.selenium.remote.RemoteWebDriver.findElement(RemoteWebDriver.java:410)
	at io.appium.java_client.DefaultGenericMobileDriver.findElement(DefaultGenericMobileDriver.java:62)
	at io.appium.java_client.AppiumDriver.findElement(AppiumDriver.java:1)
	at io.appium.java_client.android.AndroidDriver.findElement(AndroidDriver.java:1)
	at org.openqa.selenium.remote.RemoteWebDriver.findElementById(RemoteWebDriver.java:453)
	at io.appium.java_client.DefaultGenericMobileDriver.findElementById(DefaultGenericMobileDriver.java:70)
	at io.appium.java_client.AppiumDriver.findElementById(AppiumDriver.java:1)
	at io.appium.java_client.android.AndroidDriver.findElementById(AndroidDriver.java:1)
	at org.openqa.selenium.By$ById.findElement(By.java:218)
	at org.openqa.selenium.remote.RemoteWebDriver.findElement(RemoteWebDriver.java:402)
	at io.appium.java_client.DefaultGenericMobileDriver.findElement(DefaultGenericMobileDriver.java:58)
	at io.appium.java_client.AppiumDriver.findElement(AppiumDriver.java:1)
	at io.appium.java_client.android.AndroidDriver.findElement(AndroidDriver.java:1)
	at Demo.MyRibbonDeletion_Demo.ribbon_delete(MyRibbonDeletion_Demo.java:109)
... Removed 28 stack frames]]>
    </failure>
  </testcase> <!-- ribbon_delete -->
  <testcase name="test_Spoke" time="13.023" classname="Demo.Spoke_BackDemo"/>
  <testcase name="search" time="0.02" classname="Demo.Search1">
    <failure type="org.openqa.selenium.NoSuchSessionException" message="
Command duration or timeout: 20 milliseconds
Build info: version: &amp;apos;unknown&amp;apos;, revision: &amp;apos;unknown&amp;apos;, time: &amp;apos;unknown&amp;apos;
System info: host: &amp;apos;CELSYS028&amp;apos;, ip: &amp;apos;192.168.5.115&amp;apos;, os.name: &amp;apos;Windows 7&amp;apos;, os.arch: &amp;apos;amd64&amp;apos;, os.version: &amp;apos;6.1&amp;apos;, java.version: &amp;apos;1.8.0_101&amp;apos;
Driver info: io.appium.java_client.android.AndroidDriver
Capabilities [{appPackage=jp.co.necp.mytimeline, networkConnectionEnabled=true, warnings={}, databaseEnabled=false, No-reset=true, deviceName=6b3f9b22, version=6.0.1, platform=LINUX, appActivity=jp.co.necp.mytimeline.MainActivity, desired={appPackage=jp.co.necp.mytimeline, appActivity=jp.co.necp.mytimeline.MainActivity, newCommandTimeout=20, full-reset=false, No-reset=true, platformName=Android, deviceName=nec-pc_ts508fam-6b3f9b22, version=6.0.1}, newCommandTimeout=20, platformVersion=6.0.1, webStorageEnabled=false, locationContextEnabled=false, full-reset=false, browserName=Android, takesScreenshot=true, javascriptEnabled=true, platformName=Android}]
Session ID: 64545849-79ae-478e-803b-8b1bb08657de">
      <![CDATA[org.openqa.selenium.NoSuchSessionException: 
Command duration or timeout: 20 milliseconds
Build info: version: 'unknown', revision: 'unknown', time: 'unknown'
System info: host: 'CELSYS028', ip: '192.168.5.115', os.name: 'Windows 7', os.arch: 'amd64', os.version: '6.1', java.version: '1.8.0_101'
Driver info: io.appium.java_client.android.AndroidDriver
Capabilities [{appPackage=jp.co.necp.mytimeline, networkConnectionEnabled=true, warnings={}, databaseEnabled=false, No-reset=true, deviceName=6b3f9b22, version=6.0.1, platform=LINUX, appActivity=jp.co.necp.mytimeline.MainActivity, desired={appPackage=jp.co.necp.mytimeline, appActivity=jp.co.necp.mytimeline.MainActivity, newCommandTimeout=20, full-reset=false, No-reset=true, platformName=Android, deviceName=nec-pc_ts508fam-6b3f9b22, version=6.0.1}, newCommandTimeout=20, platformVersion=6.0.1, webStorageEnabled=false, locationContextEnabled=false, full-reset=false, browserName=Android, takesScreenshot=true, javascriptEnabled=true, platformName=Android}]
Session ID: 64545849-79ae-478e-803b-8b1bb08657de
	at org.openqa.selenium.remote.ErrorHandler.createThrowable(ErrorHandler.java:215)
	at org.openqa.selenium.remote.ErrorHandler.throwIfResponseFailed(ErrorHandler.java:167)
	at org.openqa.selenium.remote.RemoteWebDriver.execute(RemoteWebDriver.java:671)
	at io.appium.java_client.DefaultGenericMobileDriver.execute(DefaultGenericMobileDriver.java:42)
	at io.appium.java_client.AppiumDriver.execute(AppiumDriver.java:1)
	at io.appium.java_client.android.AndroidDriver.execute(AndroidDriver.java:1)
	at org.openqa.selenium.remote.RemoteWebDriver$RemoteWebDriverOptions$RemoteTimeouts.implicitlyWait(RemoteWebDriver.java:868)
	at Demo.Search1.search(Search1.java:61)
... Removed 28 stack frames]]>
    </failure>
  </testcase> <!-- search -->
</testsuite> <!-- Test MTL -->
